<?xml version="1.0" encoding="UTF-8" ?>
<testsuite tests="19" failures="1" name="pl.edu.amu.wmi.dino.cf.mnozeniecf.SuperMnozenieTest" time="0.061" errors="0" skipped="0">
  <properties>
[...]
</properties>
  <testcase classname="pl.edu.amu.wmi.dino.cf.mnozeniecf.SuperMnozenieTest" name="testMul" time="0.001"/>
  <testcase classname="pl.edu.amu.wmi.dino.cf.mnozeniecf.SuperMnozenieTest" name="testMul10" time="0"/>
  <testcase classname="pl.edu.amu.wmi.dino.cf.mnozeniecf.SuperMnozenieTest" name="testMul11" time="0"/>
  <testcase classname="pl.edu.amu.wmi.dino.cf.mnozeniecf.SuperMnozenieTest" name="testMul12" time="0.001"/>
  <testcase classname="pl.edu.amu.wmi.dino.cf.mnozeniecf.SuperMnozenieTest" name="testMul13" time="0"/>
  <testcase classname="pl.edu.amu.wmi.dino.cf.mnozeniecf.SuperMnozenieTest" name="testMul14" time="0"/>
  <testcase classname="pl.edu.amu.wmi.dino.cf.mnozeniecf.SuperMnozenieTest" name="testMul15" time="0"/>
  <testcase classname="pl.edu.amu.wmi.dino.cf.mnozeniecf.SuperMnozenieTest" name="testMul16" time="0"/>
  <testcase classname="pl.edu.amu.wmi.dino.cf.mnozeniecf.SuperMnozenieTest" name="testMul17" time="0"/>
  <testcase classname="pl.edu.amu.wmi.dino.cf.mnozeniecf.SuperMnozenieTest" name="testMul18" time="0.004">
    <failure message="expected:&lt;[]0&gt; but was:&lt;[-]0&gt;" type="org.junit.ComparisonFailure">org.junit.ComparisonFailure: expected:&lt;[]0&gt; but was:&lt;[-]0&gt;
	at org.junit.Assert.assertEquals(Assert.java:115)
	at org.junit.Assert.assertEquals(Assert.java:144)
	at pl.edu.amu.wmi.dino.cf.mnozeniecf.SuperMnozenieTest.testMul18(SuperMnozenieTest.java:152)
	at sun.reflect.NativeMethodAccessorImpl.invoke0(Native Method)
	at sun.reflect.NativeMethodAccessorImpl.invoke(NativeMethodAccessorImpl.java:62)
	at sun.reflect.DelegatingMethodAccessorImpl.invoke(DelegatingMethodAccessorImpl.java:43)
	at java.lang.reflect.Method.invoke(Method.java:498)
	at org.junit.runners.model.FrameworkMethod$1.runReflectiveCall(FrameworkMethod.java:50)
	at org.junit.internal.runners.model.ReflectiveCallable.run(ReflectiveCallable.java:12)
	at org.junit.runners.model.FrameworkMethod.invokeExplosively(FrameworkMethod.java:47)
	at org.junit.internal.runners.statements.InvokeMethod.evaluate(InvokeMethod.java:17)
	at org.junit.runners.ParentRunner.runLeaf(ParentRunner.java:325)
	at org.junit.runners.BlockJUnit4ClassRunner.runChild(BlockJUnit4ClassRunner.java:78)
	at org.junit.runners.BlockJUnit4ClassRunner.runChild(BlockJUnit4ClassRunner.java:57)
	at org.junit.runners.ParentRunner$3.run(ParentRunner.java:290)
	at org.junit.runners.ParentRunner$1.schedule(ParentRunner.java:71)
	at org.junit.runners.ParentRunner.runChildren(ParentRunner.java:288)
	at org.junit.runners.ParentRunner.access$000(ParentRunner.java:58)
	at org.junit.runners.ParentRunner$2.evaluate(ParentRunner.java:268)
	at org.junit.runners.ParentRunner.run(ParentRunner.java:363)
	at org.apache.maven.surefire.junit4.JUnit4TestSet.execute(JUnit4TestSet.java:53)
	at org.apache.maven.surefire.junit4.JUnit4Provider.executeTestSet(JUnit4Provider.java:123)
	at org.apache.maven.surefire.junit4.JUnit4Provider.invoke(JUnit4Provider.java:104)
	at sun.reflect.NativeMethodAccessorImpl.invoke0(Native Method)
	at sun.reflect.NativeMethodAccessorImpl.invoke(NativeMethodAccessorImpl.java:62)
	at sun.reflect.DelegatingMethodAccessorImpl.invoke(DelegatingMethodAccessorImpl.java:43)
	at java.lang.reflect.Method.invoke(Method.java:498)
	at org.apache.maven.surefire.util.ReflectionUtils.invokeMethodWithArray(ReflectionUtils.java:164)
	at org.apache.maven.surefire.booter.ProviderFactory$ProviderProxy.invoke(ProviderFactory.java:110)
	at org.apache.maven.surefire.booter.SurefireStarter.invokeProvider(SurefireStarter.java:175)
	at org.apache.maven.surefire.booter.SurefireStarter.runSuitesInProcessWhenForked(SurefireStarter.java:107)
	at org.apache.maven.surefire.booter.ForkedBooter.main(ForkedBooter.java:68)
</failure>
  </testcase>
  <testcase classname="pl.edu.amu.wmi.dino.cf.mnozeniecf.SuperMnozenieTest" name="testMul1" time="0"/>
  <testcase classname="pl.edu.amu.wmi.dino.cf.mnozeniecf.SuperMnozenieTest" name="testMul2" time="0.001"/>
  <testcase classname="pl.edu.amu.wmi.dino.cf.mnozeniecf.SuperMnozenieTest" name="testMul3" time="0"/>
  <testcase classname="pl.edu.amu.wmi.dino.cf.mnozeniecf.SuperMnozenieTest" name="testMul4" time="0"/>
  <testcase classname="pl.edu.amu.wmi.dino.cf.mnozeniecf.SuperMnozenieTest" name="testMul5" time="0"/>
  <testcase classname="pl.edu.amu.wmi.dino.cf.mnozeniecf.SuperMnozenieTest" name="testMul6" time="0"/>
  <testcase classname="pl.edu.amu.wmi.dino.cf.mnozeniecf.SuperMnozenieTest" name="testMul7" time="0"/>
  <testcase classname="pl.edu.amu.wmi.dino.cf.mnozeniecf.SuperMnozenieTest" name="testMul8" time="0.001"/>
  <testcase classname="pl.edu.amu.wmi.dino.cf.mnozeniecf.SuperMnozenieTest" name="testMul9" time="0"/>
</testsuite>